<?xml version="1.0" encoding="UTF-8"?>
<robot generator="Robot 3.2.2 (Python 3.7.4 on win32)" generated="20210208 16:11:31.781" rpa="false">
<suite id="s1" name="Test-Case" source="C:\Riachuelo\Gestao comercial\Automação\SGP_LUIGI\test-case">
<suite id="s1-s1" name="Criar Cenarios SGP" source="C:\Riachuelo\Gestao comercial\Automação\SGP_LUIGI\test-case\Criar_Cenarios_SGP.robot">
<test id="s1-s1-t1" name="Cenário 1: Criar Cenário por Departamento">
<kw name="Abrir navegador" library="resource" type="setup">
<kw name="Open Browser" library="SeleniumLibrary">
<doc>Opens a new browser instance to the optional ``url``.</doc>
<arguments>
<arg>url: blank</arg>
<arg>${BROWSER}</arg>
</arguments>
<msg timestamp="20210208 16:11:32.803" level="INFO">Opening browser 'Chrome' to base url 'url: blank'.</msg>
<status status="PASS" starttime="20210208 16:11:32.803" endtime="20210208 16:11:36.719"></status>
</kw>
<status status="PASS" starttime="20210208 16:11:32.802" endtime="20210208 16:11:36.720"></status>
</kw>
<kw name="Dado que estou na tela de novo cenário" library="Novo_Cenario_SGP">
<kw name="Dado que estou na pagina de login" library="Login_SGP">
<kw name="Go To" library="SeleniumLibrary">
<doc>Navigates the current browser window to the provided ``url``.</doc>
<arguments>
<arg>${HOME_URL}</arg>
</arguments>
<msg timestamp="20210208 16:11:36.722" level="INFO">Opening url 'http://gestaopreco.riachuelo.net/rchlo-demarcacao-angular/static/'</msg>
<status status="PASS" starttime="20210208 16:11:36.722" endtime="20210208 16:11:52.054"></status>
</kw>
<kw name="Set Browser Implicit Wait" library="SeleniumLibrary">
<doc>Sets the implicit wait value used by Selenium.</doc>
<arguments>
<arg>30</arg>
</arguments>
<status status="PASS" starttime="20210208 16:11:52.054" endtime="20210208 16:11:52.058"></status>
</kw>
<kw name="Title Should Be" library="SeleniumLibrary">
<doc>Verifies that the current page title equals ``title``.</doc>
<arguments>
<arg>${HOME_TITLE_TEXT}</arg>
</arguments>
<msg timestamp="20210208 16:11:52.066" level="INFO">Page title is 'Demarcação'.</msg>
<status status="PASS" starttime="20210208 16:11:52.058" endtime="20210208 16:11:52.066"></status>
</kw>
<status status="PASS" starttime="20210208 16:11:36.721" endtime="20210208 16:11:52.066"></status>
</kw>
<kw name="Quando preencho os campos de login e senha" library="Login_SGP">
<kw name="Input Text" library="SeleniumLibrary">
<doc>Types the given ``text`` into the text field identified by ``locator``.</doc>
<arguments>
<arg>${LOGIN_FIELD_USUARIO}</arg>
<arg>sgp1</arg>
</arguments>
<msg timestamp="20210208 16:11:52.067" level="INFO">Typing text 'sgp1' into text field 'xpath=//*[@id="user"]'.</msg>
<status status="PASS" starttime="20210208 16:11:52.067" endtime="20210208 16:11:52.209"></status>
</kw>
<kw name="Input Password" library="SeleniumLibrary">
<doc>Types the given password into the text field identified by ``locator``.</doc>
<arguments>
<arg>${LOGIN_FIELD_SENHA}</arg>
<arg>@Riachu01</arg>
</arguments>
<msg timestamp="20210208 16:11:52.210" level="INFO">Typing password into text field 'xpath=//*[@name="pass"]'.</msg>
<msg timestamp="20210208 16:11:52.259" level="INFO">Temporally setting log level to: NONE</msg>
<msg timestamp="20210208 16:11:52.304" level="INFO">Log level changed from NONE to INFO.</msg>
<status status="PASS" starttime="20210208 16:11:52.209" endtime="20210208 16:11:52.304"></status>
</kw>
<kw name="Click Button" library="SeleniumLibrary">
<doc>Clicks the button identified by ``locator``.</doc>
<arguments>
<arg>${LOGIN_BOTTON_ENTER}</arg>
</arguments>
<msg timestamp="20210208 16:11:52.304" level="INFO">Clicking button 'xpath=//*[@class="btn rounded-btn"]'.</msg>
<status status="PASS" starttime="20210208 16:11:52.304" endtime="20210208 16:11:52.369"></status>
</kw>
<status status="PASS" starttime="20210208 16:11:52.066" endtime="20210208 16:11:52.369"></status>
</kw>
<kw name="Então é exibido o usuario &quot;sgp1&quot;, nivel &quot;NIVEL_1&quot; e cabecalho &quot;RCHLO SGP (Sistema de Gestão de Preços)&quot;" library="Login_SGP">
<kw name="Set Browser Implicit Wait" library="SeleniumLibrary">
<doc>Sets the implicit wait value used by Selenium.</doc>
<arguments>
<arg>30</arg>
</arguments>
<status status="PASS" starttime="20210208 16:11:52.370" endtime="20210208 16:11:52.372"></status>
</kw>
<kw name="Element Should Be Visible" library="SeleniumLibrary">
<doc>Verifies that the element identified by ``locator`` is visible.</doc>
<arguments>
<arg>${LOGIN_NUMERO_USUARIO}</arg>
<arg>${user}</arg>
</arguments>
<msg timestamp="20210208 16:11:53.153" level="INFO">Element 'xpath=//*[@id="user-display"]/span[1]' is displayed.</msg>
<status status="PASS" starttime="20210208 16:11:52.372" endtime="20210208 16:11:53.154"></status>
</kw>
<kw name="Element Should Be Visible" library="SeleniumLibrary">
<doc>Verifies that the element identified by ``locator`` is visible.</doc>
<arguments>
<arg>${LOGIN_NIVEL_USUARIO}</arg>
<arg>${nivel}</arg>
</arguments>
<msg timestamp="20210208 16:11:53.186" level="INFO">Element 'xpath=//*[@id="user-display"]/span[2]' is displayed.</msg>
<status status="PASS" starttime="20210208 16:11:53.154" endtime="20210208 16:11:53.187"></status>
</kw>
<kw name="Element Should Be Visible" library="SeleniumLibrary">
<doc>Verifies that the element identified by ``locator`` is visible.</doc>
<arguments>
<arg>${HOME_CABECALHO_SGP}</arg>
<arg>${titulo}</arg>
</arguments>
<msg timestamp="20210208 16:11:53.217" level="INFO">Element 'xpath=//*[@class="hidden-sm-up"]' is displayed.</msg>
<status status="PASS" starttime="20210208 16:11:53.187" endtime="20210208 16:11:53.217"></status>
</kw>
<status status="PASS" starttime="20210208 16:11:52.370" endtime="20210208 16:11:53.217"></status>
</kw>
<kw name="Click Element" library="SeleniumLibrary">
<doc>Click the element identified by ``locator``.</doc>
<arguments>
<arg>${NOVO_CENARIO}</arg>
</arguments>
<msg timestamp="20210208 16:11:53.217" level="INFO">Clicking element 'xpath=//*[contains(text(), "Novo Cenário")]'.</msg>
<status status="PASS" starttime="20210208 16:11:53.217" endtime="20210208 16:11:53.735"></status>
</kw>
<kw name="Capture Page Screenshot" library="SeleniumLibrary">
<doc>Takes a screenshot of the current page and embeds it into a log file.</doc>
<msg timestamp="20210208 16:11:54.039" level="INFO" html="yes">&lt;/td&gt;&lt;/tr&gt;&lt;tr&gt;&lt;td colspan="3"&gt;&lt;a href="selenium-screenshot-59.png"&gt;&lt;img src="selenium-screenshot-59.png" width="800px"&gt;&lt;/a&gt;</msg>
<status status="PASS" starttime="20210208 16:11:53.735" endtime="20210208 16:11:54.039"></status>
</kw>
<status status="PASS" starttime="20210208 16:11:36.721" endtime="20210208 16:11:54.039"></status>
</kw>
<kw name="Quando seleciono as informações do departamento" library="Novo_Cenario_SGP">
<kw name="Click Element" library="SeleniumLibrary">
<doc>Click the element identified by ``locator``.</doc>
<arguments>
<arg>${ABA_DEPARTAMENTO}</arg>
</arguments>
<msg timestamp="20210208 16:11:54.040" level="INFO">Clicking element 'xpath=//*[@id="ui-tabpanel-2-label"]/span'.</msg>
<status status="PASS" starttime="20210208 16:11:54.040" endtime="20210208 16:11:54.137"></status>
</kw>
<kw name="Input Text" library="SeleniumLibrary">
<doc>Types the given ``text`` into the text field identified by ``locator``.</doc>
<arguments>
<arg>${SELECT_DEPARTAMENTO}</arg>
<arg>220</arg>
</arguments>
<msg timestamp="20210208 16:11:54.138" level="INFO">Typing text '220' into text field 'xpath=//*[@id="ui-tabpanel-2"]/p-dataview/div/div[1]/p-header/div/div/div/div/input'.</msg>
<status status="PASS" starttime="20210208 16:11:54.138" endtime="20210208 16:11:54.695"></status>
</kw>
<kw name="Click Element" library="SeleniumLibrary">
<doc>Click the element identified by ``locator``.</doc>
<arguments>
<arg>${CLICK_DEPARTAMENTO}</arg>
</arguments>
<msg timestamp="20210208 16:11:54.695" level="INFO">Clicking element 'xpath=//*[@class="ui-g-1"]'.</msg>
<status status="PASS" starttime="20210208 16:11:54.695" endtime="20210208 16:11:54.753"></status>
</kw>
<kw name="Set Browser Implicit Wait" library="SeleniumLibrary">
<doc>Sets the implicit wait value used by Selenium.</doc>
<arguments>
<arg>20</arg>
</arguments>
<status status="PASS" starttime="20210208 16:11:54.753" endtime="20210208 16:11:54.755"></status>
</kw>
<kw name="Capture Page Screenshot" library="SeleniumLibrary">
<doc>Takes a screenshot of the current page and embeds it into a log file.</doc>
<msg timestamp="20210208 16:11:55.135" level="INFO" html="yes">&lt;/td&gt;&lt;/tr&gt;&lt;tr&gt;&lt;td colspan="3"&gt;&lt;a href="selenium-screenshot-60.png"&gt;&lt;img src="selenium-screenshot-60.png" width="800px"&gt;&lt;/a&gt;</msg>
<status status="PASS" starttime="20210208 16:11:54.755" endtime="20210208 16:11:55.135"></status>
</kw>
<status status="PASS" starttime="20210208 16:11:54.039" endtime="20210208 16:11:55.136"></status>
</kw>
<kw name="E seleciono as informações de filtros" library="Novo_Cenario_SGP">
<kw name="Click Element" library="SeleniumLibrary">
<doc>Click the element identified by ``locator``.</doc>
<arguments>
<arg>${ABA_FILTRO}</arg>
</arguments>
<msg timestamp="20210208 16:11:55.137" level="INFO">Clicking element 'xpath=//html/body/app-root/div/div/app-novo-cenario/p-tabview/div/ul/li[3]'.</msg>
<status status="PASS" starttime="20210208 16:11:55.137" endtime="20210208 16:11:55.228"></status>
</kw>
<kw name="Set Browser Implicit Wait" library="SeleniumLibrary">
<doc>Sets the implicit wait value used by Selenium.</doc>
<arguments>
<arg>10</arg>
</arguments>
<status status="PASS" starttime="20210208 16:11:55.228" endtime="20210208 16:11:55.230"></status>
</kw>
<kw name="Capture Page Screenshot" library="SeleniumLibrary">
<doc>Takes a screenshot of the current page and embeds it into a log file.</doc>
<msg timestamp="20210208 16:11:55.560" level="INFO" html="yes">&lt;/td&gt;&lt;/tr&gt;&lt;tr&gt;&lt;td colspan="3"&gt;&lt;a href="selenium-screenshot-61.png"&gt;&lt;img src="selenium-screenshot-61.png" width="800px"&gt;&lt;/a&gt;</msg>
<status status="PASS" starttime="20210208 16:11:55.231" endtime="20210208 16:11:55.560"></status>
</kw>
<status status="PASS" starttime="20210208 16:11:55.136" endtime="20210208 16:11:55.560"></status>
</kw>
<kw name="E executo a simulação" library="Novo_Cenario_SGP">
<kw name="Sleep" library="BuiltIn">
<doc>Pauses the test executed for the given time.</doc>
<arguments>
<arg>10</arg>
</arguments>
<msg timestamp="20210208 16:12:05.576" level="INFO">Slept 10 seconds</msg>
<status status="PASS" starttime="20210208 16:11:55.562" endtime="20210208 16:12:05.576"></status>
</kw>
<kw name="Click Element" library="SeleniumLibrary">
<doc>Click the element identified by ``locator``.</doc>
<arguments>
<arg>${ABA_SIMULAÇÃO}</arg>
</arguments>
<msg timestamp="20210208 16:12:05.577" level="INFO">Clicking element 'xpath=//*[contains(text(), "Simulação")]'.</msg>
<status status="PASS" starttime="20210208 16:12:05.576" endtime="20210208 16:12:05.727"></status>
</kw>
<kw name="Wait Until Element Is Visible" library="SeleniumLibrary">
<doc>Waits until the element ``locator`` is visible.</doc>
<arguments>
<arg>${BOX_DROPDOWNN}</arg>
<arg>10</arg>
</arguments>
<status status="PASS" starttime="20210208 16:12:05.727" endtime="20210208 16:12:07.548"></status>
</kw>
<kw name="Capture Page Screenshot" library="SeleniumLibrary">
<doc>Takes a screenshot of the current page and embeds it into a log file.</doc>
<msg timestamp="20210208 16:12:07.869" level="INFO" html="yes">&lt;/td&gt;&lt;/tr&gt;&lt;tr&gt;&lt;td colspan="3"&gt;&lt;a href="selenium-screenshot-62.png"&gt;&lt;img src="selenium-screenshot-62.png" width="800px"&gt;&lt;/a&gt;</msg>
<status status="PASS" starttime="20210208 16:12:07.548" endtime="20210208 16:12:07.869"></status>
</kw>
<status status="PASS" starttime="20210208 16:11:55.561" endtime="20210208 16:12:07.869"></status>
</kw>
<kw name="Então o cenário é criado" library="Novo_Cenario_SGP">
<kw name="Click Element" library="SeleniumLibrary">
<doc>Click the element identified by ``locator``.</doc>
<arguments>
<arg>${ABA_PROPRIEDADE}</arg>
</arguments>
<msg timestamp="20210208 16:12:07.871" level="INFO">Clicking element 'xpath=//*[contains(text(), "Propriedades")]'.</msg>
<status status="PASS" starttime="20210208 16:12:07.870" endtime="20210208 16:12:07.929"></status>
</kw>
<kw name="Input Text" library="SeleniumLibrary">
<doc>Types the given ``text`` into the text field identified by ``locator``.</doc>
<arguments>
<arg>${NOME_CENÁRIO}</arg>
<arg>LUIGI_TESTE_DEMARCAÇÃO</arg>
</arguments>
<msg timestamp="20210208 16:12:07.929" level="INFO">Typing text 'LUIGI_TESTE_DEMARCAÇÃO' into text field 'xpath=//*[@formcontrolname="nomeCenario"]'.</msg>
<status status="PASS" starttime="20210208 16:12:07.929" endtime="20210208 16:12:08.519"></status>
</kw>
<kw name="Click Element" library="SeleniumLibrary">
<doc>Click the element identified by ``locator``.</doc>
<arguments>
<arg>${BOX_DROPDOWNN}</arg>
</arguments>
<msg timestamp="20210208 16:12:08.520" level="INFO">Clicking element 'xpath=(//*[@class="ui-dropdown-trigger-icon ui-clickable pi pi-chevron-down"])[5]'.</msg>
<status status="PASS" starttime="20210208 16:12:08.520" endtime="20210208 16:12:08.673"></status>
</kw>
<kw name="Wait Until Element Is Visible" library="SeleniumLibrary">
<doc>Waits until the element ``locator`` is visible.</doc>
<arguments>
<arg>${BOX_DROPDOWNN}</arg>
</arguments>
<status status="PASS" starttime="20210208 16:12:08.673" endtime="20210208 16:12:08.725"></status>
</kw>
<kw name="Click Element" library="SeleniumLibrary">
<doc>Click the element identified by ``locator``.</doc>
<arguments>
<arg>${FAIXA1}</arg>
</arguments>
<msg timestamp="20210208 16:12:08.726" level="INFO">Clicking element 'xpath=(//*[text()="Faixa 1"])[2]'.</msg>
<status status="PASS" starttime="20210208 16:12:08.725" endtime="20210208 16:12:08.825"></status>
</kw>
<status status="PASS" starttime="20210208 16:12:07.870" endtime="20210208 16:12:08.825"></status>
</kw>
<kw name="Fechar navegador" library="resource" type="teardown">
<kw name="Capture Page Screenshot" library="SeleniumLibrary">
<doc>Takes a screenshot of the current page and embeds it into a log file.</doc>
<msg timestamp="20210208 16:12:09.210" level="INFO" html="yes">&lt;/td&gt;&lt;/tr&gt;&lt;tr&gt;&lt;td colspan="3"&gt;&lt;a href="selenium-screenshot-63.png"&gt;&lt;img src="selenium-screenshot-63.png" width="800px"&gt;&lt;/a&gt;</msg>
<status status="PASS" starttime="20210208 16:12:08.828" endtime="20210208 16:12:09.210"></status>
</kw>
<kw name="Close Browser" library="SeleniumLibrary">
<doc>Closes the current browser.</doc>
<status status="PASS" starttime="20210208 16:12:09.211" endtime="20210208 16:12:11.900"></status>
</kw>
<status status="PASS" starttime="20210208 16:12:08.827" endtime="20210208 16:12:11.901"></status>
</kw>
<status status="PASS" starttime="20210208 16:11:32.802" endtime="20210208 16:12:11.901" critical="yes"></status>
</test>
<status status="PASS" starttime="20210208 16:11:31.840" endtime="20210208 16:12:11.903"></status>
</suite>
<suite id="s1-s2" name="Logar SGP" source="C:\Riachuelo\Gestao comercial\Automação\SGP_LUIGI\test-case\Logar_SGP.robot">
<test id="s1-s2-t1" name="Cenário 1: Logar na aplicação SGP">
<kw name="Abrir navegador" library="resource" type="setup">
<kw name="Open Browser" library="SeleniumLibrary">
<doc>Opens a new browser instance to the optional ``url``.</doc>
<arguments>
<arg>url: blank</arg>
<arg>${BROWSER}</arg>
</arguments>
<msg timestamp="20210208 16:12:11.943" level="INFO">Opening browser 'Chrome' to base url 'url: blank'.</msg>
<status status="PASS" starttime="20210208 16:12:11.942" endtime="20210208 16:12:15.945"></status>
</kw>
<status status="PASS" starttime="20210208 16:12:11.941" endtime="20210208 16:12:15.946"></status>
</kw>
<kw name="Dado que estou na pagina de login" library="Login_SGP">
<kw name="Go To" library="SeleniumLibrary">
<doc>Navigates the current browser window to the provided ``url``.</doc>
<arguments>
<arg>${HOME_URL}</arg>
</arguments>
<msg timestamp="20210208 16:12:15.948" level="INFO">Opening url 'http://gestaopreco.riachuelo.net/rchlo-demarcacao-angular/static/'</msg>
<kw name="Capture Page Screenshot" library="SeleniumLibrary">
<doc>Takes a screenshot of the current page and embeds it into a log file.</doc>
<status status="FAIL" starttime="20210208 16:12:16.370" endtime="20210208 16:12:16.371"></status>
</kw>
<msg timestamp="20210208 16:12:16.371" level="WARN">Keyword 'Capture Page Screenshot' could not be run on failure: Execution terminated by signal</msg>
<status status="FAIL" starttime="20210208 16:12:15.948" endtime="20210208 16:12:16.409"></status>
</kw>
<status status="FAIL" starttime="20210208 16:12:15.947" endtime="20210208 16:12:16.409"></status>
</kw>
<kw name="Fechar navegador" library="resource" type="teardown">
<kw name="Capture Page Screenshot" library="SeleniumLibrary">
<doc>Takes a screenshot of the current page and embeds it into a log file.</doc>
<errors>
<msg timestamp="20210208 16:12:16.371" level="WARN">Keyword 'Capture Page Screenshot' could not be run on failure: Execution terminated by signal</msg>
<msg timestamp="20210208 16:12:18.585" level="ERROR">Execution stopped by user.</msg>
</errors>
</robot>
