<?xml version="1.0" encoding="UTF-8"?>
<robot generator="Robot 3.2.2 (Python 3.7.4 on win32)" generated="20210208 16:41:43.103" rpa="false">
<suite id="s1" name="Test-Case" source="C:\Riachuelo\Gestao comercial\Automação\SGP_LUIGI\test-case">
<suite id="s1-s1" name="Criar Cenarios SGP" source="C:\Riachuelo\Gestao comercial\Automação\SGP_LUIGI\test-case\Criar_Cenarios_SGP.robot">
<test id="s1-s1-t1" name="Cenário 1: Criar Cenário por Departamento">
<kw name="Abrir navegador" library="resource" type="setup">
<kw name="Open Browser" library="SeleniumLibrary">
<doc>Opens a new browser instance to the optional ``url``.</doc>
<arguments>
<arg>url: blank</arg>
<arg>${BROWSER}</arg>
</arguments>
<msg timestamp="20210208 16:41:43.817" level="INFO">Opening browser 'Chrome' to base url 'url: blank'.</msg>
<status status="PASS" starttime="20210208 16:41:43.817" endtime="20210208 16:41:47.850"></status>
</kw>
<status status="PASS" starttime="20210208 16:41:43.816" endtime="20210208 16:41:47.850"></status>
</kw>
<kw name="Dado que estou na tela de novo cenário" library="Novo_Cenario_SGP">
<kw name="Dado que estou na pagina de login" library="Login_SGP">
<kw name="Go To" library="SeleniumLibrary">
<doc>Navigates the current browser window to the provided ``url``.</doc>
<arguments>
<arg>${HOME_URL}</arg>
</arguments>
<msg timestamp="20210208 16:41:47.852" level="INFO">Opening url 'http://gestaopreco.riachuelo.net/rchlo-demarcacao-angular/static/'</msg>
<status status="PASS" starttime="20210208 16:41:47.852" endtime="20210208 16:42:04.607"></status>
</kw>
<kw name="Set Browser Implicit Wait" library="SeleniumLibrary">
<doc>Sets the implicit wait value used by Selenium.</doc>
<arguments>
<arg>30</arg>
</arguments>
<status status="PASS" starttime="20210208 16:42:04.608" endtime="20210208 16:42:04.610"></status>
</kw>
<kw name="Title Should Be" library="SeleniumLibrary">
<doc>Verifies that the current page title equals ``title``.</doc>
<arguments>
<arg>${HOME_TITLE_TEXT}</arg>
</arguments>
<msg timestamp="20210208 16:42:04.618" level="INFO">Page title is 'Demarcação'.</msg>
<status status="PASS" starttime="20210208 16:42:04.610" endtime="20210208 16:42:04.618"></status>
</kw>
<status status="PASS" starttime="20210208 16:41:47.852" endtime="20210208 16:42:04.618"></status>
</kw>
<kw name="Quando preencho os campos de login e senha" library="Login_SGP">
<kw name="Input Text" library="SeleniumLibrary">
<doc>Types the given ``text`` into the text field identified by ``locator``.</doc>
<arguments>
<arg>${LOGIN_FIELD_USUARIO}</arg>
<arg>sgp1</arg>
</arguments>
<msg timestamp="20210208 16:42:04.619" level="INFO">Typing text 'sgp1' into text field 'xpath=//*[@id="user"]'.</msg>
<status status="PASS" starttime="20210208 16:42:04.618" endtime="20210208 16:42:04.723"></status>
</kw>
<kw name="Input Password" library="SeleniumLibrary">
<doc>Types the given password into the text field identified by ``locator``.</doc>
<arguments>
<arg>${LOGIN_FIELD_SENHA}</arg>
<arg>@Riachu01</arg>
</arguments>
<msg timestamp="20210208 16:42:04.724" level="INFO">Typing password into text field 'xpath=//*[@name="pass"]'.</msg>
<msg timestamp="20210208 16:42:04.768" level="INFO">Temporally setting log level to: NONE</msg>
<msg timestamp="20210208 16:42:04.811" level="INFO">Log level changed from NONE to INFO.</msg>
<status status="PASS" starttime="20210208 16:42:04.724" endtime="20210208 16:42:04.811"></status>
</kw>
<kw name="Click Button" library="SeleniumLibrary">
<doc>Clicks the button identified by ``locator``.</doc>
<arguments>
<arg>${LOGIN_BOTTON_ENTER}</arg>
</arguments>
<msg timestamp="20210208 16:42:04.812" level="INFO">Clicking button 'xpath=//*[@class="btn rounded-btn"]'.</msg>
<status status="PASS" starttime="20210208 16:42:04.811" endtime="20210208 16:42:04.874"></status>
</kw>
<status status="PASS" starttime="20210208 16:42:04.618" endtime="20210208 16:42:04.874"></status>
</kw>
<kw name="Então é exibido o usuario &quot;sgp1&quot;, nivel &quot;NIVEL_1&quot; e cabecalho &quot;RCHLO SGP (Sistema de Gestão de Preços)&quot;" library="Login_SGP">
<kw name="Set Browser Implicit Wait" library="SeleniumLibrary">
<doc>Sets the implicit wait value used by Selenium.</doc>
<arguments>
<arg>30</arg>
</arguments>
<status status="PASS" starttime="20210208 16:42:04.875" endtime="20210208 16:42:04.877"></status>
</kw>
<kw name="Element Should Be Visible" library="SeleniumLibrary">
<doc>Verifies that the element identified by ``locator`` is visible.</doc>
<arguments>
<arg>${LOGIN_NUMERO_USUARIO}</arg>
<arg>${user}</arg>
</arguments>
<msg timestamp="20210208 16:42:05.457" level="INFO">Element 'xpath=//*[@id="user-display"]/span[1]' is displayed.</msg>
<status status="PASS" starttime="20210208 16:42:04.877" endtime="20210208 16:42:05.457"></status>
</kw>
<kw name="Element Should Be Visible" library="SeleniumLibrary">
<doc>Verifies that the element identified by ``locator`` is visible.</doc>
<arguments>
<arg>${LOGIN_NIVEL_USUARIO}</arg>
<arg>${nivel}</arg>
</arguments>
<msg timestamp="20210208 16:42:05.488" level="INFO">Element 'xpath=//*[@id="user-display"]/span[2]' is displayed.</msg>
<status status="PASS" starttime="20210208 16:42:05.457" endtime="20210208 16:42:05.488"></status>
</kw>
<kw name="Element Should Be Visible" library="SeleniumLibrary">
<doc>Verifies that the element identified by ``locator`` is visible.</doc>
<arguments>
<arg>${HOME_CABECALHO_SGP}</arg>
<arg>${titulo}</arg>
</arguments>
<msg timestamp="20210208 16:42:05.512" level="INFO">Element 'xpath=//*[@class="hidden-sm-up"]' is displayed.</msg>
<status status="PASS" starttime="20210208 16:42:05.488" endtime="20210208 16:42:05.513"></status>
</kw>
<status status="PASS" starttime="20210208 16:42:04.875" endtime="20210208 16:42:05.513"></status>
</kw>
<kw name="Click Element" library="SeleniumLibrary">
<doc>Click the element identified by ``locator``.</doc>
<arguments>
<arg>${NOVO_CENARIO}</arg>
</arguments>
<msg timestamp="20210208 16:42:05.513" level="INFO">Clicking element 'xpath=//*[contains(text(), "Novo Cenário")]'.</msg>
<status status="PASS" starttime="20210208 16:42:05.513" endtime="20210208 16:42:05.781"></status>
</kw>
<kw name="Capture Page Screenshot" library="SeleniumLibrary">
<doc>Takes a screenshot of the current page and embeds it into a log file.</doc>
<msg timestamp="20210208 16:42:06.173" level="INFO" html="yes">&lt;/td&gt;&lt;/tr&gt;&lt;tr&gt;&lt;td colspan="3"&gt;&lt;a href="selenium-screenshot-82.png"&gt;&lt;img src="selenium-screenshot-82.png" width="800px"&gt;&lt;/a&gt;</msg>
<status status="PASS" starttime="20210208 16:42:05.782" endtime="20210208 16:42:06.174"></status>
</kw>
<status status="PASS" starttime="20210208 16:41:47.851" endtime="20210208 16:42:06.174"></status>
</kw>
<kw name="Quando seleciono as informações do departamento" library="Novo_Cenario_SGP">
<kw name="Click Element" library="SeleniumLibrary">
<doc>Click the element identified by ``locator``.</doc>
<arguments>
<arg>${ABA_DEPARTAMENTO}</arg>
</arguments>
<msg timestamp="20210208 16:42:06.175" level="INFO">Clicking element 'xpath=//*[@id="ui-tabpanel-2-label"]/span'.</msg>
<status status="PASS" starttime="20210208 16:42:06.175" endtime="20210208 16:42:06.256"></status>
</kw>
<kw name="Input Text" library="SeleniumLibrary">
<doc>Types the given ``text`` into the text field identified by ``locator``.</doc>
<arguments>
<arg>${SELECT_DEPARTAMENTO}</arg>
<arg>220</arg>
</arguments>
<msg timestamp="20210208 16:42:06.257" level="INFO">Typing text '220' into text field 'xpath=//*[@id="ui-tabpanel-2"]/p-dataview/div/div[1]/p-header/div/div/div/div/input'.</msg>
<status status="PASS" starttime="20210208 16:42:06.257" endtime="20210208 16:42:06.540"></status>
</kw>
<kw name="Click Element" library="SeleniumLibrary">
<doc>Click the element identified by ``locator``.</doc>
<arguments>
<arg>${CLICK_DEPARTAMENTO}</arg>
</arguments>
<msg timestamp="20210208 16:42:06.540" level="INFO">Clicking element 'xpath=//*[@class="ui-g-1"]'.</msg>
<status status="PASS" starttime="20210208 16:42:06.540" endtime="20210208 16:42:06.811"></status>
</kw>
<kw name="Set Browser Implicit Wait" library="SeleniumLibrary">
<doc>Sets the implicit wait value used by Selenium.</doc>
<arguments>
<arg>20</arg>
</arguments>
<status status="PASS" starttime="20210208 16:42:06.812" endtime="20210208 16:42:06.814"></status>
</kw>
<kw name="Capture Page Screenshot" library="SeleniumLibrary">
<doc>Takes a screenshot of the current page and embeds it into a log file.</doc>
<msg timestamp="20210208 16:42:07.153" level="INFO" html="yes">&lt;/td&gt;&lt;/tr&gt;&lt;tr&gt;&lt;td colspan="3"&gt;&lt;a href="selenium-screenshot-83.png"&gt;&lt;img src="selenium-screenshot-83.png" width="800px"&gt;&lt;/a&gt;</msg>
<status status="PASS" starttime="20210208 16:42:06.814" endtime="20210208 16:42:07.153"></status>
</kw>
<status status="PASS" starttime="20210208 16:42:06.174" endtime="20210208 16:42:07.154"></status>
</kw>
<kw name="E seleciono as informações de filtros" library="Novo_Cenario_SGP">
<kw name="Click Element" library="SeleniumLibrary">
<doc>Click the element identified by ``locator``.</doc>
<arguments>
<arg>${ABA_FILTRO}</arg>
</arguments>
<msg timestamp="20210208 16:42:07.155" level="INFO">Clicking element 'xpath=//html/body/app-root/div/div/app-novo-cenario/p-tabview/div/ul/li[3]'.</msg>
<status status="PASS" starttime="20210208 16:42:07.155" endtime="20210208 16:42:07.209"></status>
</kw>
<kw name="Set Browser Implicit Wait" library="SeleniumLibrary">
<doc>Sets the implicit wait value used by Selenium.</doc>
<arguments>
<arg>10</arg>
</arguments>
<status status="PASS" starttime="20210208 16:42:07.209" endtime="20210208 16:42:07.211"></status>
</kw>
<kw name="Capture Page Screenshot" library="SeleniumLibrary">
<doc>Takes a screenshot of the current page and embeds it into a log file.</doc>
<msg timestamp="20210208 16:42:07.537" level="INFO" html="yes">&lt;/td&gt;&lt;/tr&gt;&lt;tr&gt;&lt;td colspan="3"&gt;&lt;a href="selenium-screenshot-84.png"&gt;&lt;img src="selenium-screenshot-84.png" width="800px"&gt;&lt;/a&gt;</msg>
<status status="PASS" starttime="20210208 16:42:07.211" endtime="20210208 16:42:07.537"></status>
</kw>
<status status="PASS" starttime="20210208 16:42:07.154" endtime="20210208 16:42:07.537"></status>
</kw>
<kw name="E executo a simulação" library="Novo_Cenario_SGP">
<kw name="Sleep" library="BuiltIn">
<doc>Pauses the test executed for the given time.</doc>
<arguments>
<arg>10</arg>
</arguments>
<msg timestamp="20210208 16:42:17.547" level="INFO">Slept 10 seconds</msg>
<status status="PASS" starttime="20210208 16:42:07.538" endtime="20210208 16:42:17.547"></status>
</kw>
<kw name="Click Element" library="SeleniumLibrary">
<doc>Click the element identified by ``locator``.</doc>
<arguments>
<arg>${ABA_SIMULAÇÃO}</arg>
</arguments>
<msg timestamp="20210208 16:42:17.547" level="INFO">Clicking element 'xpath=//*[contains(text(), "Simulação")]'.</msg>
<status status="PASS" starttime="20210208 16:42:17.547" endtime="20210208 16:42:17.672"></status>
</kw>
<kw name="Wait Until Element Is Visible" library="SeleniumLibrary">
<doc>Waits until the element ``locator`` is visible.</doc>
<arguments>
<arg>${BOX_DROPDOWNN}</arg>
<arg>10</arg>
</arguments>
<status status="PASS" starttime="20210208 16:42:17.672" endtime="20210208 16:42:19.558"></status>
</kw>
<kw name="Capture Page Screenshot" library="SeleniumLibrary">
<doc>Takes a screenshot of the current page and embeds it into a log file.</doc>
<msg timestamp="20210208 16:42:19.883" level="INFO" html="yes">&lt;/td&gt;&lt;/tr&gt;&lt;tr&gt;&lt;td colspan="3"&gt;&lt;a href="selenium-screenshot-85.png"&gt;&lt;img src="selenium-screenshot-85.png" width="800px"&gt;&lt;/a&gt;</msg>
<status status="PASS" starttime="20210208 16:42:19.558" endtime="20210208 16:42:19.883"></status>
</kw>
<status status="PASS" starttime="20210208 16:42:07.538" endtime="20210208 16:42:19.883"></status>
</kw>
<kw name="Então o cenário é criado" library="Novo_Cenario_SGP">
<kw name="Click Element" library="SeleniumLibrary">
<doc>Click the element identified by ``locator``.</doc>
<arguments>
<arg>${ABA_PROPRIEDADE}</arg>
</arguments>
<msg timestamp="20210208 16:42:19.884" level="INFO">Clicking element 'xpath=//*[contains(text(), "Propriedades")]'.</msg>
<status status="PASS" starttime="20210208 16:42:19.884" endtime="20210208 16:42:19.948"></status>
</kw>
<kw name="Input Text" library="SeleniumLibrary">
<doc>Types the given ``text`` into the text field identified by ``locator``.</doc>
<arguments>
<arg>${NOME_CENÁRIO}</arg>
<arg>LUIGI_TESTE_DEMARCAÇÃO</arg>
</arguments>
<msg timestamp="20210208 16:42:19.949" level="INFO">Typing text 'LUIGI_TESTE_DEMARCAÇÃO' into text field 'xpath=//*[@formcontrolname="nomeCenario"]'.</msg>
<status status="PASS" starttime="20210208 16:42:19.948" endtime="20210208 16:42:20.495"></status>
</kw>
<kw name="Click Element" library="SeleniumLibrary">
<doc>Click the element identified by ``locator``.</doc>
<arguments>
<arg>${BOX_DROPDOWNN}</arg>
</arguments>
<msg timestamp="20210208 16:42:20.496" level="INFO">Clicking element 'xpath=(//*[@class="ui-dropdown-trigger-icon ui-clickable pi pi-chevron-down"])[5]'.</msg>
<status status="PASS" starttime="20210208 16:42:20.495" endtime="20210208 16:42:20.634"></status>
</kw>
<kw name="Wait Until Element Is Visible" library="SeleniumLibrary">
<doc>Waits until the element ``locator`` is visible.</doc>
<arguments>
<arg>${FAIXA1}</arg>
<arg>10</arg>
</arguments>
<status status="PASS" starttime="20210208 16:42:20.635" endtime="20210208 16:42:20.734"></status>
</kw>
<kw name="Click Element" library="SeleniumLibrary">
<doc>Click the element identified by ``locator``.</doc>
<arguments>
<arg>${FAIXA1}</arg>
</arguments>
<msg timestamp="20210208 16:42:20.735" level="INFO">Clicking element 'xpath=(//*[text()="Faixa 1"])[2]'.</msg>
<status status="PASS" starttime="20210208 16:42:20.734" endtime="20210208 16:42:20.831"></status>
</kw>
<status status="PASS" starttime="20210208 16:42:19.884" endtime="20210208 16:42:20.832"></status>
</kw>
<kw name="Fechar navegador" library="resource" type="teardown">
<kw name="Capture Page Screenshot" library="SeleniumLibrary">
<doc>Takes a screenshot of the current page and embeds it into a log file.</doc>
<msg timestamp="20210208 16:42:21.211" level="INFO" html="yes">&lt;/td&gt;&lt;/tr&gt;&lt;tr&gt;&lt;td colspan="3"&gt;&lt;a href="selenium-screenshot-86.png"&gt;&lt;img src="selenium-screenshot-86.png" width="800px"&gt;&lt;/a&gt;</msg>
<status status="PASS" starttime="20210208 16:42:20.833" endtime="20210208 16:42:21.211"></status>
</kw>
<kw name="Close Browser" library="SeleniumLibrary">
<doc>Closes the current browser.</doc>
<status status="PASS" starttime="20210208 16:42:21.211" endtime="20210208 16:42:23.800"></status>
</kw>
<status status="PASS" starttime="20210208 16:42:20.832" endtime="20210208 16:42:23.801"></status>
</kw>
<status status="PASS" starttime="20210208 16:41:43.815" endtime="20210208 16:42:23.801" critical="yes"></status>
</test>
<status status="PASS" starttime="20210208 16:41:43.148" endtime="20210208 16:42:23.809"></status>
</suite>
<suite id="s1-s2" name="Logar SGP" source="C:\Riachuelo\Gestao comercial\Automação\SGP_LUIGI\test-case\Logar_SGP.robot">
<test id="s1-s2-t1" name="Cenário 1: Logar na aplicação SGP">
<kw name="Abrir navegador" library="resource" type="setup">
<kw name="Open Browser" library="SeleniumLibrary">
<doc>Opens a new browser instance to the optional ``url``.</doc>
<arguments>
<arg>url: blank</arg>
<arg>${BROWSER}</arg>
</arguments>
<msg timestamp="20210208 16:42:23.845" level="INFO">Opening browser 'Chrome' to base url 'url: blank'.</msg>
<status status="PASS" starttime="20210208 16:42:23.845" endtime="20210208 16:42:27.950"></status>
</kw>
<status status="PASS" starttime="20210208 16:42:23.845" endtime="20210208 16:42:27.951"></status>
</kw>
<kw name="Dado que estou na pagina de login" library="Login_SGP">
<kw name="Go To" library="SeleniumLibrary">
<doc>Navigates the current browser window to the provided ``url``.</doc>
<arguments>
<arg>${HOME_URL}</arg>
</arguments>
<msg timestamp="20210208 16:42:27.954" level="INFO">Opening url 'http://gestaopreco.riachuelo.net/rchlo-demarcacao-angular/static/'</msg>
<status status="PASS" starttime="20210208 16:42:27.953" endtime="20210208 16:42:38.783"></status>
</kw>
<kw name="Set Browser Implicit Wait" library="SeleniumLibrary">
<doc>Sets the implicit wait value used by Selenium.</doc>
<arguments>
<arg>30</arg>
</arguments>
<status status="PASS" starttime="20210208 16:42:38.783" endtime="20210208 16:42:38.786"></status>
</kw>
<kw name="Title Should Be" library="SeleniumLibrary">
<doc>Verifies that the current page title equals ``title``.</doc>
<arguments>
<arg>${HOME_TITLE_TEXT}</arg>
</arguments>
<msg timestamp="20210208 16:42:38.793" level="INFO">Page title is 'Demarcação'.</msg>
<status status="PASS" starttime="20210208 16:42:38.786" endtime="20210208 16:42:38.793"></status>
</kw>
<status status="PASS" starttime="20210208 16:42:27.952" endtime="20210208 16:42:38.794"></status>
</kw>
<kw name="Quando preencho os campos de login e senha" library="Login_SGP">
<kw name="Input Text" library="SeleniumLibrary">
<doc>Types the given ``text`` into the text field identified by ``locator``.</doc>
<arguments>
<arg>${LOGIN_FIELD_USUARIO}</arg>
<arg>sgp1</arg>
</arguments>
<msg timestamp="20210208 16:42:38.795" level="INFO">Typing text 'sgp1' into text field 'xpath=//*[@id="user"]'.</msg>
<status status="PASS" starttime="20210208 16:42:38.795" endtime="20210208 16:42:38.906"></status>
</kw>
<kw name="Input Password" library="SeleniumLibrary">
<doc>Types the given password into the text field identified by ``locator``.</doc>
<arguments>
<arg>${LOGIN_FIELD_SENHA}</arg>
<arg>@Riachu01</arg>
</arguments>
<msg timestamp="20210208 16:42:38.906" level="INFO">Typing password into text field 'xpath=//*[@name="pass"]'.</msg>
<msg timestamp="20210208 16:42:38.950" level="INFO">Temporally setting log level to: NONE</msg>
<msg timestamp="20210208 16:42:38.997" level="INFO">Log level changed from NONE to INFO.</msg>
<status status="PASS" starttime="20210208 16:42:38.906" endtime="20210208 16:42:38.997"></status>
</kw>
<kw name="Click Button" library="SeleniumLibrary">
<doc>Clicks the button identified by ``locator``.</doc>
<arguments>
<arg>${LOGIN_BOTTON_ENTER}</arg>
</arguments>
<msg timestamp="20210208 16:42:38.998" level="INFO">Clicking button 'xpath=//*[@class="btn rounded-btn"]'.</msg>
<status status="PASS" starttime="20210208 16:42:38.997" endtime="20210208 16:42:39.064"></status>
</kw>
<status status="PASS" starttime="20210208 16:42:38.795" endtime="20210208 16:42:39.064"></status>
</kw>
<kw name="Então é exibido o usuario &quot;sgp1&quot;, nivel &quot;NIVEL_1&quot; e cabecalho &quot;RCHLO SGP (Sistema de Gestão de Preços)&quot;" library="Login_SGP">
<kw name="Set Browser Implicit Wait" library="SeleniumLibrary">
<doc>Sets the implicit wait value used by Selenium.</doc>
<arguments>
<arg>30</arg>
</arguments>
<status status="PASS" starttime="20210208 16:42:39.065" endtime="20210208 16:42:39.068"></status>
</kw>
<kw name="Element Should Be Visible" library="SeleniumLibrary">
<doc>Verifies that the element identified by ``locator`` is visible.</doc>
<arguments>
<arg>${LOGIN_NUMERO_USUARIO}</arg>
<arg>${user}</arg>
</arguments>
<msg timestamp="20210208 16:42:39.448" level="INFO">Element 'xpath=//*[@id="user-display"]/span[1]' is displayed.</msg>
<status status="PASS" starttime="20210208 16:42:39.068" endtime="20210208 16:42:39.448"></status>
</kw>
<kw name="Element Should Be Visible" library="SeleniumLibrary">
<doc>Verifies that the element identified by ``locator`` is visible.</doc>
<arguments>
<arg>${LOGIN_NIVEL_USUARIO}</arg>
<arg>${nivel}</arg>
</arguments>
<msg timestamp="20210208 16:42:39.478" level="INFO">Element 'xpath=//*[@id="user-display"]/span[2]' is displayed.</msg>
<status status="PASS" starttime="20210208 16:42:39.448" endtime="20210208 16:42:39.478"></status>
</kw>
<kw name="Element Should Be Visible" library="SeleniumLibrary">
<doc>Verifies that the element identified by ``locator`` is visible.</doc>
<arguments>
<arg>${HOME_CABECALHO_SGP}</arg>
<arg>${titulo}</arg>
</arguments>
<msg timestamp="20210208 16:42:39.505" level="INFO">Element 'xpath=//*[@class="hidden-sm-up"]' is displayed.</msg>
<status status="PASS" starttime="20210208 16:42:39.478" endtime="20210208 16:42:39.506"></status>
</kw>
<status status="PASS" starttime="20210208 16:42:39.065" endtime="20210208 16:42:39.506"></status>
</kw>
<kw name="Fechar navegador" library="resource" type="teardown">
<kw name="Capture Page Screenshot" library="SeleniumLibrary">
<doc>Takes a screenshot of the current page and embeds it into a log file.</doc>
<msg timestamp="20210208 16:42:39.859" level="INFO" html="yes">&lt;/td&gt;&lt;/tr&gt;&lt;tr&gt;&lt;td colspan="3"&gt;&lt;a href="selenium-screenshot-87.png"&gt;&lt;img src="selenium-screenshot-87.png" width="800px"&gt;&lt;/a&gt;</msg>
<status status="PASS" starttime="20210208 16:42:39.507" endtime="20210208 16:42:39.859"></status>
</kw>
<kw name="Close Browser" library="SeleniumLibrary">
<doc>Closes the current browser.</doc>
<status status="PASS" starttime="20210208 16:42:39.860" endtime="20210208 16:42:42.279"></status>
</kw>
<status status="PASS" starttime="20210208 16:42:39.507" endtime="20210208 16:42:42.279"></status>
</kw>
<status status="PASS" starttime="20210208 16:42:23.844" endtime="20210208 16:42:42.280" critical="yes"></status>
</test>
<status status="PASS" starttime="20210208 16:42:23.812" endtime="20210208 16:42:42.285"></status>
</suite>
<status status="PASS" starttime="20210208 16:41:43.110" endtime="20210208 16:42:42.290"></status>
</suite>
<statistics>
<total>
<stat pass="2" fail="0">Critical Tests</stat>
<stat pass="2" fail="0">All Tests</stat>
</total>
<tag>
</tag>
<suite>
<stat pass="2" fail="0" id="s1" name="Test-Case">Test-Case</stat>
<stat pass="1" fail="0" id="s1-s1" name="Criar Cenarios SGP">Test-Case.Criar Cenarios SGP</stat>
<stat pass="1" fail="0" id="s1-s2" name="Logar SGP">Test-Case.Logar SGP</stat>
</suite>
</statistics>
<errors>
</errors>
</robot>
